Using pre-set license
Built from '2020.3/china_unity/release' branch; Version is '2020.3.3f1c1 (a34b99c2c582) revision 10701721'; Using compiler version '192528614'; Build Type 'Release'
OS: 'Windows 10 Pro; OS build 19043.1110; Version 2009; 64bit' Language: 'zh' Physical Memory: 16289 MB
BatchMode: 1, IsHumanControllingUs: 0, StartBugReporterOnCrash: 0, Is64bit: 1, IsPro: 0

 COMMAND LINE ARGUMENTS:
C:\Program Files\Unity\Hub\Editor\2020.3.3f1c1\Editor\Unity.exe
-adb2
-batchMode
-noUpm
-name
AssetImportWorker0
-projectPath
E:/unity2020/Custom SRP
-logFile
Logs/AssetImportWorker0.log
-srvPort
60696
Successfully changed project path to: E:/unity2020/Custom SRP
E:/unity2020/Custom SRP
Using Asset Import Pipeline V2.
Refreshing native plugins compatible for Editor in 17.31 ms, found 0 plugins.
Preloading 0 native plugins for Editor in 0.00 ms.
Initialize engine version: 2020.3.3f1c1 (a34b99c2c582)
[Subsystems] Discovering subsystems at path C:/Program Files/Unity/Hub/Editor/2020.3.3f1c1/Editor/Data/Resources/UnitySubsystems
[Subsystems] Discovering subsystems at path E:/unity2020/Custom SRP/Assets
GfxDevice: creating device client; threaded=0
Direct3D:
    Version:  Direct3D 11.0 [level 11.1]
    Renderer: NVIDIA GeForce RTX 2070 SUPER (ID=0x1e84)
    Vendor:   
    VRAM:     8011 MB
    Driver:   27.21.14.5671
Initialize mono
Mono path[0] = 'C:/Program Files/Unity/Hub/Editor/2020.3.3f1c1/Editor/Data/Managed'
Mono path[1] = 'C:/Program Files/Unity/Hub/Editor/2020.3.3f1c1/Editor/Data/MonoBleedingEdge/lib/mono/unityjit'
Mono config path = 'C:/Program Files/Unity/Hub/Editor/2020.3.3f1c1/Editor/Data/MonoBleedingEdge/etc'
Using monoOptions --debugger-agent=transport=dt_socket,embedding=1,server=y,suspend=n,address=127.0.0.1:56572
Begin MonoManager ReloadAssembly
Registering precompiled unity dll's ...
Register platform support module: C:/Program Files/Unity/Hub/Editor/2020.3.3f1c1/Editor/Data/PlaybackEngines/WindowsStandaloneSupport/UnityEditor.WindowsStandalone.Extensions.dll
Registered in 0.001257 seconds.
Native extension for WindowsStandalone target not found
Refreshing native plugins compatible for Editor in 17.62 ms, found 0 plugins.
Preloading 0 native plugins for Editor in 0.00 ms.
Invoked RoslynAnalysisRunner static constructor.
RoslynAnalysisRunner will not be running.
RoslynAnalysisRunner has terminated.
Mono: successfully reloaded assembly
- Completed reload, in  0.605 seconds
Platform modules already initialized, skipping
Registering precompiled user dll's ...
Registered in 0.000292 seconds.
Begin MonoManager ReloadAssembly
Native extension for WindowsStandalone target not found
Refreshing native plugins compatible for Editor in 0.17 ms, found 0 plugins.
Preloading 0 native plugins for Editor in 0.00 ms.
Invoked RoslynAnalysisRunner static constructor.
RoslynAnalysisRunner will not be running.
RoslynAnalysisRunner has terminated.
Mono: successfully reloaded assembly
- Completed reload, in  0.627 seconds
Platform modules already initialized, skipping
========================================================================
Worker process is ready to serve import requests
Launched and connected shader compiler UnityShaderCompiler.exe after 0.03 seconds
Refreshing native plugins compatible for Editor in 0.18 ms, found 0 plugins.
Preloading 0 native plugins for Editor in 0.00 ms.
Unloading 1115 Unused Serialized files (Serialized files now loaded: 0)
System memory in use before: 57.0 MB.
System memory in use after: 57.1 MB.

Unloading 9 unused Assets to reduce memory usage. Loaded Objects now: 1558.
Total: 1.828500 ms (FindLiveObjects: 0.190700 ms CreateObjectMapping: 0.040800 ms MarkObjects: 1.551200 ms  DeleteObjects: 0.045000 ms)

AssetImportParameters requested are different than current active one (requested -> active):
  colorSpace: 1 -> 0
========================================================================
Received Import Request.
  path: Assets
  artifactKey: Guid(00000000000000001000000000000000) Importer(815301076,1909f56bfc062723c751e8b465ee728b)
Start importing Assets using Guid(00000000000000001000000000000000) Importer(815301076,1909f56bfc062723c751e8b465ee728b)  -> (artifact id: '89109700be8172bd51b8ef5796d635aa') in 0.002075 seconds
  Import took 0.003373 seconds .

========================================================================
Received Import Request.
  Time since last request: 5.457596 seconds.
  path: Assets/Material
  artifactKey: Guid(5ebe1ced280bde949b8bfb32961dbb31) Importer(815301076,1909f56bfc062723c751e8b465ee728b)
Start importing Assets/Material using Guid(5ebe1ced280bde949b8bfb32961dbb31) Importer(815301076,1909f56bfc062723c751e8b465ee728b)  -> (artifact id: '79808b5425f4c4dd3064483d1bfd0dc0') in 0.000678 seconds
  Import took 0.002055 seconds .

========================================================================
Received Import Request.
  Time since last request: 59.519891 seconds.
  path: Assets/Material/sphere-alpha-map.png
  artifactKey: Guid(db7bc03a0a24f7d4f8ae9ead759be9a7) Importer(815301076,1909f56bfc062723c751e8b465ee728b)
Start importing Assets/Material/sphere-alpha-map.png using Guid(db7bc03a0a24f7d4f8ae9ead759be9a7) Importer(815301076,1909f56bfc062723c751e8b465ee728b)  -> (artifact id: 'bf95fe8c601e0ecbcb7a44afa17e6cda') in 0.062296 seconds
  Import took 0.064038 seconds .

========================================================================
Received Import Request.
  Time since last request: 196.333771 seconds.
  path: Assets/Material/sphere-alpha-map (1).png
  artifactKey: Guid(2daf34b5c22b9cc4c9ca67b99ca21a5f) Importer(815301076,1909f56bfc062723c751e8b465ee728b)
Start importing Assets/Material/sphere-alpha-map (1).png using Guid(2daf34b5c22b9cc4c9ca67b99ca21a5f) Importer(815301076,1909f56bfc062723c751e8b465ee728b)  -> (artifact id: '8e0e654c7ccb0222b71f370482729e21') in 0.006608 seconds
  Import took 0.008331 seconds .

========================================================================
Received Import Request.
  Time since last request: 103.167188 seconds.
  path: Assets/Scenes/SampleScene.unity
  artifactKey: Guid(9fc0d4010bbf28b4594072e72b8655ab) Importer(815301076,1909f56bfc062723c751e8b465ee728b)
Start importing Assets/Scenes/SampleScene.unity using Guid(9fc0d4010bbf28b4594072e72b8655ab) Importer(815301076,1909f56bfc062723c751e8b465ee728b)  -> (artifact id: '1c8c096d022b73a44230a678abbfc187') in 0.001295 seconds
  Import took 0.002856 seconds .

========================================================================
Received Import Request.
  Time since last request: 838.391378 seconds.
  path: Assets/Scenes
  artifactKey: Guid(9631aa026d5d19d4b83baf3029c03cd0) Importer(815301076,1909f56bfc062723c751e8b465ee728b)
Start importing Assets/Scenes using Guid(9631aa026d5d19d4b83baf3029c03cd0) Importer(815301076,1909f56bfc062723c751e8b465ee728b)  -> (artifact id: 'fa03dcf696beb38a7b61eb31eb0067fc') in 0.000803 seconds
  Import took 0.002501 seconds .

========================================================================
Received Import Request.
  Time since last request: 206.360962 seconds.
  path: Assets/Custom RP
  artifactKey: Guid(05e5c34a483b7a9478e4e5f128898039) Importer(815301076,1909f56bfc062723c751e8b465ee728b)
Start importing Assets/Custom RP using Guid(05e5c34a483b7a9478e4e5f128898039) Importer(815301076,1909f56bfc062723c751e8b465ee728b)  -> (artifact id: 'a676a7d5dc116a9562ad270972d0ba60') in 0.001277 seconds
  Import took 0.002955 seconds .

========================================================================
Received Import Request.
  Time since last request: 7.928989 seconds.
  path: Assets/Custom RP/Runtime
  artifactKey: Guid(e5d5ac23da15d314fa39951826950f81) Importer(815301076,1909f56bfc062723c751e8b465ee728b)
Start importing Assets/Custom RP/Runtime using Guid(e5d5ac23da15d314fa39951826950f81) Importer(815301076,1909f56bfc062723c751e8b465ee728b)  -> (artifact id: '8dfa6e56f6f33e2d2cf65bd07239f683') in 0.001618 seconds
  Import took 0.003093 seconds .

========================================================================
Received Import Request.
  Time since last request: 22.150734 seconds.
  path: Assets/Custom RP/Runtime/CustomRenderPipelineAsset.cs
  artifactKey: Guid(a52b6566896624f4f8e544295bee94fb) Importer(815301076,1909f56bfc062723c751e8b465ee728b)
Start importing Assets/Custom RP/Runtime/CustomRenderPipelineAsset.cs using Guid(a52b6566896624f4f8e544295bee94fb) Importer(815301076,1909f56bfc062723c751e8b465ee728b)  -> (artifact id: '7eab088073458884e410cc7525761153') in 0.011010 seconds
  Import took 0.012464 seconds .

========================================================================
Received Prepare
Registering precompiled user dll's ...
Registered in 0.000381 seconds.
Begin MonoManager ReloadAssembly
Native extension for WindowsStandalone target not found
Refreshing native plugins compatible for Editor in 0.18 ms, found 0 plugins.
Preloading 0 native plugins for Editor in 0.00 ms.
Invoked RoslynAnalysisRunner static constructor.
RoslynAnalysisRunner will not be running.
RoslynAnalysisRunner has terminated.
Mono: successfully reloaded assembly
- Completed reload, in  0.572 seconds
Platform modules already initialized, skipping
Refreshing native plugins compatible for Editor in 0.14 ms, found 0 plugins.
Preloading 0 native plugins for Editor in 0.00 ms.
Unloading 1110 Unused Serialized files (Serialized files now loaded: 0)
System memory in use before: 56.9 MB.
System memory in use after: 57.0 MB.

Unloading 4 unused Assets to reduce memory usage. Loaded Objects now: 1564.
Total: 1.350100 ms (FindLiveObjects: 0.103500 ms CreateObjectMapping: 0.028300 ms MarkObjects: 1.205400 ms  DeleteObjects: 0.012300 ms)

========================================================================
Received Prepare
Registering precompiled user dll's ...
Registered in 0.000277 seconds.
Begin MonoManager ReloadAssembly
Native extension for WindowsStandalone target not found
Refreshing native plugins compatible for Editor in 0.17 ms, found 0 plugins.
Preloading 0 native plugins for Editor in 0.00 ms.
Invoked RoslynAnalysisRunner static constructor.
RoslynAnalysisRunner will not be running.
RoslynAnalysisRunner has terminated.
Mono: successfully reloaded assembly
- Completed reload, in  0.590 seconds
Platform modules already initialized, skipping
Refreshing native plugins compatible for Editor in 0.16 ms, found 0 plugins.
Preloading 0 native plugins for Editor in 0.00 ms.
Unloading 1110 Unused Serialized files (Serialized files now loaded: 0)
System memory in use before: 56.9 MB.
System memory in use after: 57.0 MB.

Unloading 4 unused Assets to reduce memory usage. Loaded Objects now: 1567.
Total: 1.419200 ms (FindLiveObjects: 0.134200 ms CreateObjectMapping: 0.035400 ms MarkObjects: 1.234200 ms  DeleteObjects: 0.014400 ms)

========================================================================
Received Import Request.
  Time since last request: 575.842075 seconds.
  path: Assets/Custom RP/Runtime/CustomRenderPipelineAsset.cs
  artifactKey: Guid(a52b6566896624f4f8e544295bee94fb) Importer(815301076,1909f56bfc062723c751e8b465ee728b)
Start importing Assets/Custom RP/Runtime/CustomRenderPipelineAsset.cs using Guid(a52b6566896624f4f8e544295bee94fb) Importer(815301076,1909f56bfc062723c751e8b465ee728b)  -> (artifact id: '9b2ef5261ed39eb16143d043e0152e4e') in 0.002183 seconds
  Import took 0.003522 seconds .

